<?xml version="1.0" encoding="UTF-8"?>
<!-- Generated by org.testng.reporters.JUnitXMLReporter -->
<testsuite ignored="0" hostname="DESKTOP-1U5F6VU" failures="0" tests="8" name="Default test" time="0.118" errors="0" timestamp="13 Jun 2022 01:36:31 GMT">
  <testcase classname="org.Anusuya.GroupingConcept" name="apple1" time="0.011"/>
  <testcase classname="org.Anusuya.GroupingConcept" name="apple2" time="0.002"/>
  <testcase classname="org.Anusuya.GroupingConcept" name="lenova1" time="0.007"/>
  <testcase classname="org.Anusuya.GroupingConcept" name="lenova2" time="0.002"/>
  <testcase classname="org.Anusuya.GroupingConcept" name="moto1" time="0.002"/>
  <testcase classname="org.Anusuya.GroupingConcept" name="moto2" time="0.002"/>
  <testcase classname="org.Anusuya.GroupingConcept" name="vivo1" time="0.011"/>
  <testcase classname="org.Anusuya.GroupingConcept" name="vivo2" time="0.002"/>
</testsuite> <!-- Default test -->
