<?xml version="1.0" encoding="UTF-8"?>
<!-- Generated by org.testng.reporters.JUnitXMLReporter -->
<testsuite ignored="4" hostname="DESKTOP-1U5F6VU" failures="0" tests="4" name="Test" time="0.085" errors="0" timestamp="13 Jun 2022 01:52:23 GMT">
  <testcase classname="org.Anusuya.GroupingConcept" name="moto1" time="0.026"/>
  <testcase classname="org.Anusuya.GroupingConcept" name="moto2" time="0.001"/>
  <testcase classname="org.Anusuya.GroupingConcept" name="vivo1" time="0.008"/>
  <testcase classname="org.Anusuya.GroupingConcept" name="vivo2" time="0.001"/>
  <testcase classname="org.Anusuya.GroupingConcept" name="lenova1" time="0.0">
    <ignored/>
  </testcase> <!-- lenova1 -->
  <testcase classname="org.Anusuya.GroupingConcept" name="apple2" time="0.0">
    <ignored/>
  </testcase> <!-- apple2 -->
  <testcase classname="org.Anusuya.GroupingConcept" name="apple1" time="0.0">
    <ignored/>
  </testcase> <!-- apple1 -->
  <testcase classname="org.Anusuya.GroupingConcept" name="lenova2" time="0.0">
    <ignored/>
  </testcase> <!-- lenova2 -->
</testsuite> <!-- Test -->
