<?xml version="1.0" encoding="UTF-8"?>
<testng-results ignored="4" total="8" passed="4" failed="0" skipped="0">
  <reporter-output>
  </reporter-output>
  <suite started-at="2022-06-13T01:52:23Z" name="Suite" finished-at="2022-06-13T01:52:23Z" duration-ms="85">
    <groups>
      <group name="vivo">
        <method signature="GroupingConcept.vivo1()[pri:0, instance:org.Anusuya.GroupingConcept@65d09a04]" name="vivo1" class="org.Anusuya.GroupingConcept"/>
        <method signature="GroupingConcept.vivo2()[pri:0, instance:org.Anusuya.GroupingConcept@65d09a04]" name="vivo2" class="org.Anusuya.GroupingConcept"/>
      </group> <!-- vivo -->
      <group name="moto">
        <method signature="GroupingConcept.moto1()[pri:0, instance:org.Anusuya.GroupingConcept@65d09a04]" name="moto1" class="org.Anusuya.GroupingConcept"/>
        <method signature="GroupingConcept.moto2()[pri:0, instance:org.Anusuya.GroupingConcept@65d09a04]" name="moto2" class="org.Anusuya.GroupingConcept"/>
      </group> <!-- moto -->
    </groups>
    <test started-at="2022-06-13T01:52:23Z" name="Test" finished-at="2022-06-13T01:52:23Z" duration-ms="85">
      <class name="org.Anusuya.GroupingConcept">
        <test-method signature="moto1()[pri:0, instance:org.Anusuya.GroupingConcept@65d09a04]" started-at="2022-06-13T01:52:23Z" name="moto1" finished-at="2022-06-13T01:52:23Z" duration-ms="26" status="PASS">
          <reporter-output>
          </reporter-output>
        </test-method> <!-- moto1 -->
        <test-method signature="moto2()[pri:0, instance:org.Anusuya.GroupingConcept@65d09a04]" started-at="2022-06-13T01:52:23Z" name="moto2" finished-at="2022-06-13T01:52:23Z" duration-ms="1" status="PASS">
          <reporter-output>
          </reporter-output>
        </test-method> <!-- moto2 -->
        <test-method signature="vivo1()[pri:0, instance:org.Anusuya.GroupingConcept@65d09a04]" started-at="2022-06-13T01:52:23Z" name="vivo1" finished-at="2022-06-13T01:52:23Z" duration-ms="8" status="PASS">
          <reporter-output>
          </reporter-output>
        </test-method> <!-- vivo1 -->
        <test-method signature="vivo2()[pri:0, instance:org.Anusuya.GroupingConcept@65d09a04]" started-at="2022-06-13T01:52:23Z" name="vivo2" finished-at="2022-06-13T01:52:23Z" duration-ms="1" status="PASS">
          <reporter-output>
          </reporter-output>
        </test-method> <!-- vivo2 -->
      </class> <!-- org.Anusuya.GroupingConcept -->
    </test> <!-- Test -->
  </suite> <!-- Suite -->
</testng-results>
